<?xml version="1.0" encoding="UTF-8"?>
<!-- Generated by org.testng.reporters.JUnitReportReporter -->
<testsuite skipped="0" hostname="ip-172-31-30-72" name="goRest.GETUser" tests="1" failures="0" timestamp="2022-10-06T06:43:27 UTC" time="2.827" errors="0">
  <testcase name="getResource" time="2.827" classname="goRest.GETUser"/>
  <system-out/>
</testsuite> <!-- goRest.GETUser -->
