<?xml version="1.0" encoding="UTF-8"?>
<!-- Generated by org.testng.reporters.JUnitReportReporter -->
<testsuite skipped="0" hostname="ip-172-31-30-72" name="reqres.GETList" tests="1" failures="0" timestamp="2022-10-06T06:15:15 UTC" time="1.418" errors="0">
  <testcase name="postData" time="1.418" classname="reqres.GETList"/>
  <system-out/>
</testsuite> <!-- reqres.GETList -->
