<?xml version="1.0" encoding="UTF-8"?>
<!-- Generated by org.testng.reporters.JUnitReportReporter -->
<testsuite skipped="0" hostname="ip-172-31-30-72" name="reqres.DELETETest" tests="1" failures="0" timestamp="2022-10-06T06:24:02 UTC" time="1.527" errors="0">
  <testcase name="deleteResource" time="1.527" classname="reqres.DELETETest"/>
  <system-out/>
</testsuite> <!-- reqres.DELETETest -->
