<?xml version="1.0" encoding="UTF-8"?>
<!-- Generated by org.testng.reporters.JUnitReportReporter -->
<testsuite skipped="0" hostname="ip-172-31-30-72" name="reqres.POSTUnsuccessful" tests="1" failures="0" timestamp="2022-10-06T06:36:38 UTC" time="1.678" errors="0">
  <testcase name="postData" time="1.678" classname="reqres.POSTUnsuccessful"/>
  <system-out/>
</testsuite> <!-- reqres.POSTUnsuccessful -->
