<?xml version="1.0" encoding="UTF-8"?>
<!-- Generated by org.testng.reporters.JUnitReportReporter -->
<testsuite skipped="0" hostname="ip-172-31-30-72" name="goRest.CREATEUser" tests="1" failures="0" timestamp="2022-10-06T07:24:32 UTC" time="1.956" errors="0">
  <testcase name="createResource" time="1.956" classname="goRest.CREATEUser"/>
  <system-out/>
</testsuite> <!-- goRest.CREATEUser -->
